<?xml version="1.0" encoding="UTF-8"?>
<testng-results skipped="0" failed="0" ignored="0" total="1" passed="1">
  <reporter-output>
  </reporter-output>
  <suite name="Default suite" duration-ms="1746" started-at="2017-04-05T16:16:14Z" finished-at="2017-04-05T16:16:16Z">
    <groups>
    </groups>
    <test name="Default test" duration-ms="1746" started-at="2017-04-05T16:16:14Z" finished-at="2017-04-05T16:16:16Z">
      <class name="Cases.readdatafromXLSpasswordprotected">
        <test-method status="PASS" signature="readdata()[pri:0, instance:Cases.readdatafromXLSpasswordprotected@1ceabc1]" name="readdata" duration-ms="1699" started-at="2017-04-05T21:46:14Z" finished-at="2017-04-05T21:46:16Z">
          <reporter-output>
          </reporter-output>
        </test-method> <!-- readdata -->
      </class> <!-- Cases.readdatafromXLSpasswordprotected -->
    </test> <!-- Default test -->
  </suite> <!-- Default suite -->
</testng-results>
